\BOOKMARK [0][-]{chapter*.1}{Abstract}{}% 1
\BOOKMARK [0][-]{chapter*.2}{Sammanfattning}{}% 2
\BOOKMARK [0][-]{section*.3}{Contents}{}% 3
\BOOKMARK [0][-]{section*.4}{List of Figures}{}% 4
\BOOKMARK [0][-]{section*.5}{List of Tables}{}% 5
\BOOKMARK [0][-]{dummy.1}{List of Papers}{}% 6
\BOOKMARK [0][-]{chapter.1}{1 Introduction}{}% 7
\BOOKMARK [1][-]{section.1.1}{1.1 Related Work}{chapter.1}% 8
\BOOKMARK [0][-]{chapter.2}{2 Theory}{}% 9
\BOOKMARK [1][-]{section.2.1}{2.1 Optical Properties}{chapter.2}% 10
\BOOKMARK [1][-]{section.2.2}{2.2 Materials}{chapter.2}% 11
\BOOKMARK [1][-]{section.2.3}{2.3 Image Segmentation}{chapter.2}% 12
\BOOKMARK [1][-]{section.2.4}{2.4 The Impact}{chapter.2}% 13
\BOOKMARK [0][-]{chapter.3}{3 Methods}{}% 14
\BOOKMARK [1][-]{section.3.1}{3.1 Starting Studies}{chapter.3}% 15
\BOOKMARK [1][-]{section.3.2}{3.2 Design Considerations}{chapter.3}% 16
\BOOKMARK [1][-]{section.3.3}{3.3 The Shadowgraph System}{chapter.3}% 17
\BOOKMARK [1][-]{section.3.4}{3.4 The Fog Chamber}{chapter.3}% 18
\BOOKMARK [1][-]{section.3.5}{3.5 Hybrid pixel detectors}{chapter.3}% 19
\BOOKMARK [0][-]{chapter.4}{4 Discussion}{}% 20
\BOOKMARK [1][-]{section.4.1}{4.1 Starting Studies}{chapter.4}% 21
\BOOKMARK [1][-]{section.4.2}{4.2 Droplets and Ice Interference}{chapter.4}% 22
\BOOKMARK [1][-]{section.4.3}{4.3 Icing}{chapter.4}% 23
\BOOKMARK [0][-]{chapter.5}{5 Conclusion and Outlook}{}% 24
\BOOKMARK [1][-]{section.5.1}{5.1 Conclusion}{chapter.5}% 25
